<?xml version="1.0" encoding="UTF-8"?>
<testng-results skipped="0" failed="1" total="4" passed="3">
  <reporter-output>
  </reporter-output>
  <suite name="MySuite" duration-ms="312994" started-at="2013-09-01T05:00:47Z" finished-at="2013-09-01T05:06:00Z">
    <groups>
    </groups>
    <test name="SampleTest" duration-ms="66226" started-at="2013-09-01T05:00:47Z" finished-at="2013-09-01T05:01:53Z">
      <class name="DragAndDrop">
        <test-method status="PASS" signature="setUp()[pri:0, instance:DragAndDrop@a877c0]" name="setUp" is-config="true" duration-ms="9630" started-at="2013-09-01T10:30:47Z" finished-at="2013-09-01T10:30:56Z">
          <reporter-output>
          </reporter-output>
        </test-method> <!-- setUp -->
        <test-method status="PASS" signature="schooleducation()[pri:0, instance:DragAndDrop@a877c0]" name="schooleducation" duration-ms="56440" started-at="2013-09-01T10:30:56Z" finished-at="2013-09-01T10:31:53Z">
          <reporter-output>
          </reporter-output>
        </test-method> <!-- schooleducation -->
        <test-method status="PASS" signature="stop()[pri:0, instance:DragAndDrop@a877c0]" name="stop" is-config="true" duration-ms="156" started-at="2013-09-01T10:31:53Z" finished-at="2013-09-01T10:31:53Z">
          <reporter-output>
          </reporter-output>
        </test-method> <!-- stop -->
      </class> <!-- DragAndDrop -->
    </test> <!-- SampleTest -->
    <test name="GmailTest" duration-ms="16619" started-at="2013-09-01T05:01:53Z" finished-at="2013-09-01T05:02:09Z">
      <class name="Gmail">
        <test-method status="PASS" signature="setUp()[pri:0, instance:Gmail@b07848]" name="setUp" is-config="true" duration-ms="702" started-at="2013-09-01T10:31:53Z" finished-at="2013-09-01T10:31:53Z">
          <reporter-output>
          </reporter-output>
        </test-method> <!-- setUp -->
        <test-method status="PASS" signature="emptyLogin()[pri:0, instance:Gmail@b07848]" name="emptyLogin" duration-ms="7304" started-at="2013-09-01T10:31:53Z" finished-at="2013-09-01T10:32:01Z">
          <reporter-output>
          </reporter-output>
        </test-method> <!-- emptyLogin -->
        <test-method status="PASS" signature="setUp()[pri:0, instance:Gmail@b07848]" name="setUp" is-config="true" duration-ms="0" started-at="2013-09-01T10:32:01Z" finished-at="2013-09-01T10:32:01Z">
          <reporter-output>
          </reporter-output>
        </test-method> <!-- setUp -->
        <test-method status="PASS" signature="stop()[pri:0, instance:Gmail@b07848]" name="stop" is-config="true" duration-ms="0" started-at="2013-09-01T10:32:01Z" finished-at="2013-09-01T10:32:01Z">
          <reporter-output>
          </reporter-output>
        </test-method> <!-- stop -->
        <test-method status="PASS" signature="invalidLogin()[pri:0, instance:Gmail@b07848]" name="invalidLogin" duration-ms="8613" started-at="2013-09-01T10:32:01Z" finished-at="2013-09-01T10:32:09Z">
          <reporter-output>
          </reporter-output>
        </test-method> <!-- invalidLogin -->
        <test-method status="PASS" signature="stop()[pri:0, instance:Gmail@b07848]" name="stop" is-config="true" duration-ms="0" started-at="2013-09-01T10:32:09Z" finished-at="2013-09-01T10:32:09Z">
          <reporter-output>
          </reporter-output>
        </test-method> <!-- stop -->
      </class> <!-- Gmail -->
    </test> <!-- GmailTest -->
    <test name="WindowTest" duration-ms="230086" started-at="2013-09-01T05:02:09Z" finished-at="2013-09-01T05:06:00Z">
      <class name="WindowHandling">
        <test-method status="PASS" signature="setUp()[pri:0, instance:WindowHandling@31ac05]" name="setUp" is-config="true" duration-ms="4853" started-at="2013-09-01T10:32:09Z" finished-at="2013-09-01T10:32:14Z">
          <reporter-output>
          </reporter-output>
        </test-method> <!-- setUp -->
        <test-method status="FAIL" signature="windowTest()[pri:0, instance:WindowHandling@31ac05]" name="windowTest" duration-ms="225233" started-at="2013-09-01T10:32:14Z" finished-at="2013-09-01T10:36:00Z">
          <exception class="org.openqa.selenium.remote.UnreachableBrowserException">
            <message>
              <![CDATA[Error communicating with the remote browser. It may have died.
Build info: version: '2.34.0', revision: '11cd0ef', time: '2013-08-06 17:10:22'
System info: os.name: 'Windows 7', os.arch: 'x86', os.version: '6.1', java.version: '1.7.0_25'
Driver info: driver.version: RemoteWebDriver]]>
            </message>
            <full-stacktrace>
              <![CDATA[org.openqa.selenium.remote.UnreachableBrowserException: Error communicating with the remote browser. It may have died.
Build info: version: '2.34.0', revision: '11cd0ef', time: '2013-08-06 17:10:22'
System info: os.name: 'Windows 7', os.arch: 'x86', os.version: '6.1', java.version: '1.7.0_25'
Driver info: driver.version: RemoteWebDriver
	at org.openqa.selenium.remote.RemoteWebDriver.execute(RemoteWebDriver.java:548)
	at org.openqa.selenium.remote.RemoteWebDriver.findElement(RemoteWebDriver.java:307)
	at org.openqa.selenium.remote.RemoteWebDriver.findElementByXPath(RemoteWebDriver.java:404)
	at org.openqa.selenium.By$ByXPath.findElement(By.java:344)
	at org.openqa.selenium.remote.RemoteWebDriver.findElement(RemoteWebDriver.java:299)
	at WindowHandling.windowTest(WindowHandling.java:48)
	at sun.reflect.NativeMethodAccessorImpl.invoke0(Native Method)
	at sun.reflect.NativeMethodAccessorImpl.invoke(Unknown Source)
	at sun.reflect.DelegatingMethodAccessorImpl.invoke(Unknown Source)
	at java.lang.reflect.Method.invoke(Unknown Source)
	at org.testng.internal.MethodInvocationHelper.invokeMethod(MethodInvocationHelper.java:84)
	at org.testng.internal.Invoker.invokeMethod(Invoker.java:714)
	at org.testng.internal.Invoker.invokeTestMethod(Invoker.java:901)
	at org.testng.internal.Invoker.invokeTestMethods(Invoker.java:1231)
	at org.testng.internal.TestMethodWorker.invokeTestMethods(TestMethodWorker.java:127)
	at org.testng.internal.TestMethodWorker.run(TestMethodWorker.java:111)
	at org.testng.TestRunner.privateRun(TestRunner.java:767)
	at org.testng.TestRunner.run(TestRunner.java:617)
	at org.testng.SuiteRunner.runTest(SuiteRunner.java:335)
	at org.testng.SuiteRunner.runSequentially(SuiteRunner.java:330)
	at org.testng.SuiteRunner.privateRun(SuiteRunner.java:291)
	at org.testng.SuiteRunner.run(SuiteRunner.java:240)
	at org.testng.SuiteRunnerWorker.runSuite(SuiteRunnerWorker.java:52)
	at org.testng.SuiteRunnerWorker.run(SuiteRunnerWorker.java:86)
	at org.testng.TestNG.runSuitesSequentially(TestNG.java:1224)
	at org.testng.TestNG.runSuitesLocally(TestNG.java:1149)
	at org.testng.TestNG.run(TestNG.java:1057)
	at org.testng.remote.RemoteTestNG.run(RemoteTestNG.java:111)
	at org.testng.remote.RemoteTestNG.initAndRun(RemoteTestNG.java:204)
	at org.testng.remote.RemoteTestNG.main(RemoteTestNG.java:175)
Caused by: org.apache.http.conn.HttpHostConnectException: Connection to http://127.0.0.1:7055 refused
	at org.apache.http.impl.conn.DefaultClientConnectionOperator.openConnection(DefaultClientConnectionOperator.java:190)
	at org.apache.http.impl.conn.AbstractPoolEntry.open(AbstractPoolEntry.java:151)
	at org.apache.http.impl.conn.AbstractPooledConnAdapter.open(AbstractPooledConnAdapter.java:125)
	at org.apache.http.impl.client.DefaultRequestDirector.tryConnect(DefaultRequestDirector.java:640)
	at org.apache.http.impl.client.DefaultRequestDirector.execute(DefaultRequestDirector.java:479)
	at org.apache.http.impl.client.AbstractHttpClient.execute(AbstractHttpClient.java:906)
	at org.openqa.selenium.remote.HttpCommandExecutor.fallBackExecute(HttpCommandExecutor.java:337)
	at org.openqa.selenium.remote.HttpCommandExecutor.execute(HttpCommandExecutor.java:298)
	at org.openqa.selenium.firefox.internal.NewProfileExtensionConnection.execute(NewProfileExtensionConnection.java:133)
	at org.openqa.selenium.firefox.FirefoxDriver$LazyCommandExecutor.execute(FirefoxDriver.java:367)
	at org.openqa.selenium.remote.RemoteWebDriver.execute(RemoteWebDriver.java:527)
	... 29 more
Caused by: java.net.ConnectException: Connection refused: connect
	at java.net.DualStackPlainSocketImpl.waitForConnect(Native Method)
	at java.net.DualStackPlainSocketImpl.socketConnect(Unknown Source)
	at java.net.AbstractPlainSocketImpl.doConnect(Unknown Source)
	at java.net.AbstractPlainSocketImpl.connectToAddress(Unknown Source)
	at java.net.AbstractPlainSocketImpl.connect(Unknown Source)
	at java.net.PlainSocketImpl.connect(Unknown Source)
	at java.net.SocksSocketImpl.connect(Unknown Source)
	at java.net.Socket.connect(Unknown Source)
	at org.apache.http.conn.scheme.PlainSocketFactory.connectSocket(PlainSocketFactory.java:127)
	at org.apache.http.impl.conn.DefaultClientConnectionOperator.openConnection(DefaultClientConnectionOperator.java:180)
	... 39 more
]]>
            </full-stacktrace>
          </exception> <!-- org.openqa.selenium.remote.UnreachableBrowserException -->
          <reporter-output>
          </reporter-output>
        </test-method> <!-- windowTest -->
      </class> <!-- WindowHandling -->
    </test> <!-- WindowTest -->
  </suite> <!-- MySuite -->
</testng-results>
